2018-11-11 10:59:11 Warning: Warning (512): Cache not configured properly. Please check Cache::config(); in APP/config/core.php in [CORE/cake/libs/configure.php, line 638]
2018-11-11 10:59:11 Warning: Warning (2): array_merge() [<a href='http://php.net/function.array-merge'>function.array-merge</a>]: Argument #1 is not an array in [CORE/cake/libs/configure.php, line 659]
2018-11-11 10:59:11 Warning: Warning (2): array_merge() [<a href='http://php.net/function.array-merge'>function.array-merge</a>]: Argument #1 is not an array in [CORE/cake/libs/configure.php, line 666]
2018-11-11 10:59:42 Warning: Warning (512): <span style = "color:Red;text-align:left"><b>SQL Error:</b> 1046: No database selected</span> in [CORE/cake/libs/model/datasources/dbo_source.php, line 526]
2018-11-11 11:01:42 Warning: Warning (512): <span style = "color:Red;text-align:left"><b>SQL Error:</b> 1046: No database selected</span> in [CORE/cake/libs/model/datasources/dbo_source.php, line 526]
2018-11-11 11:01:43 Warning: Warning (512): <span style = "color:Red;text-align:left"><b>SQL Error:</b> 1046: No database selected</span> in [CORE/cake/libs/model/datasources/dbo_source.php, line 526]
2018-11-11 11:01:43 Warning: Warning (512): <span style = "color:Red;text-align:left"><b>SQL Error:</b> 1046: No database selected</span> in [CORE/cake/libs/model/datasources/dbo_source.php, line 526]
2018-11-11 11:01:44 Warning: Warning (512): <span style = "color:Red;text-align:left"><b>SQL Error:</b> 1046: No database selected</span> in [CORE/cake/libs/model/datasources/dbo_source.php, line 526]
2018-11-11 11:01:44 Warning: Warning (512): <span style = "color:Red;text-align:left"><b>SQL Error:</b> 1046: No database selected</span> in [CORE/cake/libs/model/datasources/dbo_source.php, line 526]
2018-11-11 11:01:44 Warning: Warning (512): <span style = "color:Red;text-align:left"><b>SQL Error:</b> 1046: No database selected</span> in [CORE/cake/libs/model/datasources/dbo_source.php, line 526]
2018-11-11 11:01:44 Warning: Warning (512): <span style = "color:Red;text-align:left"><b>SQL Error:</b> 1046: No database selected</span> in [CORE/cake/libs/model/datasources/dbo_source.php, line 526]
2018-11-11 11:01:45 Warning: Warning (512): <span style = "color:Red;text-align:left"><b>SQL Error:</b> 1046: No database selected</span> in [CORE/cake/libs/model/datasources/dbo_source.php, line 526]
2018-11-11 11:02:14 Warning: Warning (512): <span style = "color:Red;text-align:left"><b>SQL Error:</b> 1046: No database selected</span> in [CORE/cake/libs/model/datasources/dbo_source.php, line 526]
2018-11-11 12:21:26 Warning: Warning (512): <span style = "color:Red;text-align:left"><b>SQL Error:</b> 1046: No database selected</span> in [CORE/cake/libs/model/datasources/dbo_source.php, line 526]
2018-11-11 15:12:47 Warning: Warning (512): <span style = "color:Red;text-align:left"><b>SQL Error:</b> 1046: No database selected</span> in [CORE/cake/libs/model/datasources/dbo_source.php, line 526]
2018-11-11 17:16:17 Warning: Warning (512): <span style = "color:Red;text-align:left"><b>SQL Error:</b> 1046: No database selected</span> in [CORE/cake/libs/model/datasources/dbo_source.php, line 526]
2018-11-11 17:38:44 Warning: Warning (512): <span style = "color:Red;text-align:left"><b>SQL Error:</b> 1046: No database selected</span> in [CORE/cake/libs/model/datasources/dbo_source.php, line 526]
2018-11-11 17:38:45 Warning: Warning (512): <span style = "color:Red;text-align:left"><b>SQL Error:</b> 1046: No database selected</span> in [CORE/cake/libs/model/datasources/dbo_source.php, line 526]
2018-11-11 17:42:58 Warning: Warning (512): <span style = "color:Red;text-align:left"><b>SQL Error:</b> 1046: No database selected</span> in [CORE/cake/libs/model/datasources/dbo_source.php, line 526]
2018-11-11 17:42:59 Warning: Warning (512): <span style = "color:Red;text-align:left"><b>SQL Error:</b> 1046: No database selected</span> in [CORE/cake/libs/model/datasources/dbo_source.php, line 526]
2018-11-11 17:42:59 Warning: Warning (512): <span style = "color:Red;text-align:left"><b>SQL Error:</b> 1046: No database selected</span> in [CORE/cake/libs/model/datasources/dbo_source.php, line 526]
2018-11-11 17:42:59 Warning: Warning (512): <span style = "color:Red;text-align:left"><b>SQL Error:</b> 1046: No database selected</span> in [CORE/cake/libs/model/datasources/dbo_source.php, line 526]
2018-11-11 17:42:59 Warning: Warning (512): <span style = "color:Red;text-align:left"><b>SQL Error:</b> 1046: No database selected</span> in [CORE/cake/libs/model/datasources/dbo_source.php, line 526]
2018-11-11 17:43:00 Warning: Warning (512): <span style = "color:Red;text-align:left"><b>SQL Error:</b> 1046: No database selected</span> in [CORE/cake/libs/model/datasources/dbo_source.php, line 526]
2018-11-11 17:53:52 Warning: Warning (512): <span style = "color:Red;text-align:left"><b>SQL Error:</b> 1046: No database selected</span> in [CORE/cake/libs/model/datasources/dbo_source.php, line 526]
2018-11-11 17:53:56 Warning: Warning (512): <span style = "color:Red;text-align:left"><b>SQL Error:</b> 1046: No database selected</span> in [CORE/cake/libs/model/datasources/dbo_source.php, line 526]
2018-11-11 17:53:57 Warning: Warning (512): <span style = "color:Red;text-align:left"><b>SQL Error:</b> 1046: No database selected</span> in [CORE/cake/libs/model/datasources/dbo_source.php, line 526]
2018-11-11 18:12:17 Warning: Warning (512): <span style = "color:Red;text-align:left"><b>SQL Error:</b> 1046: No database selected</span> in [CORE/cake/libs/model/datasources/dbo_source.php, line 526]
2018-11-11 18:12:18 Warning: Warning (512): <span style = "color:Red;text-align:left"><b>SQL Error:</b> 1046: No database selected</span> in [CORE/cake/libs/model/datasources/dbo_source.php, line 526]
2018-11-11 19:22:39 Warning: Warning (512): <span style = "color:Red;text-align:left"><b>SQL Error:</b> 1046: No database selected</span> in [CORE/cake/libs/model/datasources/dbo_source.php, line 526]
2018-11-11 19:22:40 Warning: Warning (512): <span style = "color:Red;text-align:left"><b>SQL Error:</b> 1046: No database selected</span> in [CORE/cake/libs/model/datasources/dbo_source.php, line 526]
2018-11-11 20:40:25 Warning: Warning (512): <span style = "color:Red;text-align:left"><b>SQL Error:</b> 1046: No database selected</span> in [CORE/cake/libs/model/datasources/dbo_source.php, line 526]
2018-11-11 20:50:36 Warning: Warning (512): <span style = "color:Red;text-align:left"><b>SQL Error:</b> 1046: No database selected</span> in [CORE/cake/libs/model/datasources/dbo_source.php, line 527]
2018-11-11 21:44:05 Warning: Warning (512): <span style = "color:Red;text-align:left"><b>SQL Error:</b> 1046: No database selected</span> in [CORE/cake/libs/model/datasources/dbo_source.php, line 527]
2018-11-11 22:06:39 Warning: Warning (2): mysql_pconnect() [<a href='http://php.net/function.mysql-pconnect'>function.mysql-pconnect</a>]: Can't connect to MySQL server on 'evolve-max.com' (4) in [CORE/cake/libs/model/datasources/dbo/dbo_mysql.php, line 456]
2018-11-11 22:06:39 Warning: Warning (2): mysql_select_db() expects parameter 2 to be resource, boolean given in [CORE/cake/libs/model/datasources/dbo/dbo_mysql.php, line 459]
2018-11-11 22:06:39 Warning: Warning (2): mysql_query() expects parameter 2 to be resource, boolean given in [CORE/cake/libs/model/datasources/dbo/dbo_mysql.php, line 499]
2018-11-11 22:06:39 Warning: Warning (2): mysql_get_server_info() expects parameter 1 to be resource, boolean given in [CORE/cake/libs/model/datasources/dbo/dbo_mysql.php, line 467]
2018-11-11 22:09:12 Warning: Warning (2): mysql_pconnect() [<a href='http://php.net/function.mysql-pconnect'>function.mysql-pconnect</a>]: Can't connect to MySQL server on '10.52.2.71' (4) in [CORE/cake/libs/model/datasources/dbo/dbo_mysql.php, line 456]
2018-11-11 22:09:12 Warning: Warning (2): mysql_select_db() expects parameter 2 to be resource, boolean given in [CORE/cake/libs/model/datasources/dbo/dbo_mysql.php, line 459]
2018-11-11 22:09:12 Warning: Warning (2): mysql_query() expects parameter 2 to be resource, boolean given in [CORE/cake/libs/model/datasources/dbo/dbo_mysql.php, line 499]
2018-11-11 22:09:12 Warning: Warning (2): mysql_get_server_info() expects parameter 1 to be resource, boolean given in [CORE/cake/libs/model/datasources/dbo/dbo_mysql.php, line 467]
2018-11-11 22:10:00 Warning: Warning (2): mysql_pconnect() [<a href='http://php.net/function.mysql-pconnect'>function.mysql-pconnect</a>]: Can't connect to MySQL server on '10.52.2.71' (4) in [CORE/cake/libs/model/datasources/dbo/dbo_mysql.php, line 456]
2018-11-11 22:10:00 Warning: Warning (2): mysql_select_db() expects parameter 2 to be resource, boolean given in [CORE/cake/libs/model/datasources/dbo/dbo_mysql.php, line 459]
2018-11-11 22:10:00 Warning: Warning (2): mysql_query() expects parameter 2 to be resource, boolean given in [CORE/cake/libs/model/datasources/dbo/dbo_mysql.php, line 499]
2018-11-11 22:10:00 Warning: Warning (2): mysql_get_server_info() expects parameter 1 to be resource, boolean given in [CORE/cake/libs/model/datasources/dbo/dbo_mysql.php, line 467]
2018-11-11 22:12:05 Warning: Warning (2): mysql_pconnect() [<a href='http://php.net/function.mysql-pconnect'>function.mysql-pconnect</a>]: Can't connect to MySQL server on '10.52.2.71' (4) in [CORE/cake/libs/model/datasources/dbo/dbo_mysql.php, line 456]
2018-11-11 22:12:05 Warning: Warning (2): mysql_select_db() expects parameter 2 to be resource, boolean given in [CORE/cake/libs/model/datasources/dbo/dbo_mysql.php, line 459]
2018-11-11 22:12:05 Warning: Warning (2): mysql_query() expects parameter 2 to be resource, boolean given in [CORE/cake/libs/model/datasources/dbo/dbo_mysql.php, line 499]
2018-11-11 22:12:05 Warning: Warning (2): mysql_get_server_info() expects parameter 1 to be resource, boolean given in [CORE/cake/libs/model/datasources/dbo/dbo_mysql.php, line 467]
2018-11-11 22:13:53 Warning: Warning (2): mysql_pconnect() [<a href='http://php.net/function.mysql-pconnect'>function.mysql-pconnect</a>]: Can't connect to MySQL server on 'evolve-max.com' (4) in [CORE/cake/libs/model/datasources/dbo/dbo_mysql.php, line 456]
2018-11-11 22:13:53 Warning: Warning (2): mysql_select_db() expects parameter 2 to be resource, boolean given in [CORE/cake/libs/model/datasources/dbo/dbo_mysql.php, line 459]
2018-11-11 22:13:53 Warning: Warning (2): mysql_query() expects parameter 2 to be resource, boolean given in [CORE/cake/libs/model/datasources/dbo/dbo_mysql.php, line 499]
2018-11-11 22:13:53 Warning: Warning (2): mysql_get_server_info() expects parameter 1 to be resource, boolean given in [CORE/cake/libs/model/datasources/dbo/dbo_mysql.php, line 467]
2018-11-11 22:15:45 Error: Fatal Error (256): Smarty error: [in /home/maxfields/evolve-max.com/public_html/cake_app/control/views/pages/home.html line 8]: syntax error: unrecognized tag: { $html-&gt;webroot('css/common.css') (Smarty_Compiler.class.php, line 446) in [APP/vendors/smarty/Smarty.class.php, line 1094]
2018-11-11 22:15:54 Error: Fatal Error (256): Smarty error: [in /home/maxfields/evolve-max.com/public_html/cake_app/control/views/pages/home.html line 8]: syntax error: unrecognized tag: { $html-&gt;webroot('css/common.css') (Smarty_Compiler.class.php, line 446) in [APP/vendors/smarty/Smarty.class.php, line 1094]
2018-11-11 22:18:08 Error: Fatal Error (256): Smarty error: [in /home/maxfields/evolve-max.com/public_html/cake_app/control/views/pages/home.html line 8]: syntax error: unrecognized tag: { $html-&gt;webroot('css/common.css') (Smarty_Compiler.class.php, line 446) in [APP/vendors/smarty/Smarty.class.php, line 1094]
2018-11-11 22:18:10 Error: Fatal Error (256): Smarty error: [in /home/maxfields/evolve-max.com/public_html/cake_app/control/views/pages/home.html line 8]: syntax error: unrecognized tag: { $html-&gt;webroot('css/common.css') (Smarty_Compiler.class.php, line 446) in [APP/vendors/smarty/Smarty.class.php, line 1094]
2018-11-11 22:18:12 Error: Fatal Error (256): Smarty error: [in /home/maxfields/evolve-max.com/public_html/cake_app/control/views/pages/home.html line 8]: syntax error: unrecognized tag: { $html-&gt;webroot('css/common.css') (Smarty_Compiler.class.php, line 446) in [APP/vendors/smarty/Smarty.class.php, line 1094]
2018-11-11 22:19:45 Error: Fatal Error (256): Smarty error: [in /home/maxfields/evolve-max.com/public_html/cake_app/control/views/pages/home.html line 8]: syntax error: unrecognized tag: { $html-&gt;webroot('css/common.css') (Smarty_Compiler.class.php, line 446) in [APP/vendors/smarty/Smarty.class.php, line 1094]
2018-11-11 22:21:29 Error: Fatal Error (256): Smarty error: [in /home/maxfields/evolve-max.com/public_html/cake_app/control/views/pages/home.html line 12]: syntax error: unrecognized tag: //v2.0
  window.open(theURL,winName,features); (Smarty_Compiler.class.php, line 446) in [APP/vendors/smarty/Smarty.class.php, line 1094]
2018-11-11 22:22:00 Error: Fatal Error (256): Smarty error: [in /home/maxfields/evolve-max.com/public_html/cake_app/control/views/pages/home.html line 12]: syntax error: unrecognized tag: //v2.0
  window.open(theURL,winName,features); (Smarty_Compiler.class.php, line 446) in [APP/vendors/smarty/Smarty.class.php, line 1094]
2018-11-11 22:22:16 Error: Fatal Error (256): Smarty error: [in /home/maxfields/evolve-max.com/public_html/cake_app/control/views/pages/home.html line 12]: syntax error: unrecognized tag: //v2.0
  window.open(theURL,winName,features); (Smarty_Compiler.class.php, line 446) in [APP/vendors/smarty/Smarty.class.php, line 1094]
2018-11-11 22:22:34 Error: Fatal Error (256): Smarty error: [in /home/maxfields/evolve-max.com/public_html/cake_app/control/views/pages/home.html line 12]: syntax error: unrecognized tag: //v2.0
  window.open(theURL,winName,features); (Smarty_Compiler.class.php, line 446) in [APP/vendors/smarty/Smarty.class.php, line 1094]
2018-11-11 22:22:49 Error: Fatal Error (256): Smarty error: [in /home/maxfields/evolve-max.com/public_html/cake_app/control/views/pages/home.html line 12]: syntax error: unrecognized tag: window.open(theURL,winName,features); (Smarty_Compiler.class.php, line 446) in [APP/vendors/smarty/Smarty.class.php, line 1094]
2018-11-11 22:24:18 Error: Fatal Error (256): Smarty error: [in /home/maxfields/evolve-max.com/public_html/cake_app/control/views/pages/home.html line 18]: syntax error: unrecognized tag: { $html-&gt;webroot('js/lightbox/jquery.lightbox-0.5.js') (Smarty_Compiler.class.php, line 446) in [APP/vendors/smarty/Smarty.class.php, line 1094]
